# JRE version: Java(TM) SE Runtime Environment (17.0.5+9) (build 17.0.5+9-LTS-191)
# Java VM: Java HotSpot(TM) 64-Bit Server VM (17.0.5+9-LTS-191, mixed mode, sharing, tiered, compressed oops, compressed class ptrs, g1 gc, windows-amd64)
GC Precious Log:
 CPUs: 8 total, 8 available
 Memory: 3818M
 Large Page Support: Disabled
 NUMA Support: Disabled
 Compressed Oops: Enabled (32-bit)
 Heap Region Size: 1M
 Heap Min Capacity: 8M
 Heap Initial Capacity: 60M
 Heap Max Capacity: 956M
 Pre-touch: Disabled
 Parallel Workers: 8
 Concurrent Workers: 2
 Concurrent Refinement Workers: 8
 Periodic GC: Disabled
Heap:
 garbage-first heap   total 78848K, used 44149K [0x00000000c4400000, 0x0000000100000000)
  region size 1024K, 20 young (20480K), 5 survivors (5120K)
 Metaspace       used 50843K, committed 51328K, reserved 1097728K
  class space    used 6822K, committed 7040K, reserved 1048576K
GC Heap History (20 events):
Event: 5.673 GC heap before
{Heap before GC invocations=2 (full 0):
 garbage-first heap   total 61440K, used 31616K [0x00000000c4400000, 0x0000000100000000)
  region size 1024K, 25 young (25600K), 3 survivors (3072K)
 Metaspace       used 15262K, committed 15552K, reserved 1064960K
  class space    used 1840K, committed 1984K, reserved 1048576K
}
Event: 5.682 GC heap after
{Heap after GC invocations=3 (full 0):
 garbage-first heap   total 61440K, used 10907K [0x00000000c4400000, 0x0000000100000000)
  region size 1024K, 3 young (3072K), 3 survivors (3072K)
 Metaspace       used 15262K, committed 15552K, reserved 1064960K
  class space    used 1840K, committed 1984K, reserved 1048576K
}
Event: 6.217 GC heap before
{Heap before GC invocations=3 (full 0):
 garbage-first heap   total 61440K, used 37531K [0x00000000c4400000, 0x0000000100000000)
  region size 1024K, 29 young (29696K), 3 survivors (3072K)
 Metaspace       used 20745K, committed 20992K, reserved 1073152K
  class space    used 2691K, committed 2816K, reserved 1048576K
}
Event: 6.226 GC heap after
{Heap after GC invocations=4 (full 0):
 garbage-first heap   total 61440K, used 12587K [0x00000000c4400000, 0x0000000100000000)
  region size 1024K, 3 young (3072K), 3 survivors (3072K)
 Metaspace       used 20745K, committed 20992K, reserved 1073152K
  class space    used 2691K, committed 2816K, reserved 1048576K
}
Event: 6.301 GC heap before
{Heap before GC invocations=4 (full 0):
 garbage-first heap   total 61440K, used 17707K [0x00000000c4400000, 0x0000000100000000)
  region size 1024K, 9 young (9216K), 3 survivors (3072K)
 Metaspace       used 21329K, committed 21504K, reserved 1073152K
  class space    used 2737K, committed 2816K, reserved 1048576K
}
Event: 6.305 GC heap after
{Heap after GC invocations=5 (full 0):
 garbage-first heap   total 61440K, used 13200K [0x00000000c4400000, 0x0000000100000000)
  region size 1024K, 3 young (3072K), 3 survivors (3072K)
 Metaspace       used 21329K, committed 21504K, reserved 1073152K
  class space    used 2737K, committed 2816K, reserved 1048576K
}
Event: 7.003 GC heap before
{Heap before GC invocations=6 (full 0):
 garbage-first heap   total 51200K, used 37776K [0x00000000c4400000, 0x0000000100000000)
  region size 1024K, 29 young (29696K), 3 survivors (3072K)
 Metaspace       used 22934K, committed 23232K, reserved 1073152K
  class space    used 2920K, committed 3072K, reserved 1048576K
}
Event: 7.010 GC heap after
{Heap after GC invocations=7 (full 0):
 garbage-first heap   total 51200K, used 15584K [0x00000000c4400000, 0x0000000100000000)
  region size 1024K, 4 young (4096K), 4 survivors (4096K)
 Metaspace       used 22934K, committed 23232K, reserved 1073152K
  class space    used 2920K, committed 3072K, reserved 1048576K
}
Event: 7.030 GC heap before
{Heap before GC invocations=7 (full 0):
 garbage-first heap   total 51200K, used 16608K [0x00000000c4400000, 0x0000000100000000)
  region size 1024K, 5 young (5120K), 4 survivors (4096K)
 Metaspace       used 22963K, committed 23296K, reserved 1073152K
  class space    used 2923K, committed 3072K, reserved 1048576K
}
Event: 7.036 GC heap after
{Heap after GC invocations=8 (full 0):
 garbage-first heap   total 51200K, used 16079K [0x00000000c4400000, 0x0000000100000000)
  region size 1024K, 1 young (1024K), 1 survivors (1024K)
 Metaspace       used 22963K, committed 23296K, reserved 1073152K
  class space    used 2923K, committed 3072K, reserved 1048576K
}
Event: 7.534 GC heap before
{Heap before GC invocations=8 (full 0):
 garbage-first heap   total 51200K, used 35535K [0x00000000c4400000, 0x0000000100000000)
  region size 1024K, 20 young (20480K), 1 survivors (1024K)
 Metaspace       used 24816K, committed 25088K, reserved 1073152K
  class space    used 3187K, committed 3328K, reserved 1048576K
}
Event: 7.539 GC heap after
{Heap after GC invocations=9 (full 0):
 garbage-first heap   total 88064K, used 16999K [0x00000000c4400000, 0x0000000100000000)
  region size 1024K, 2 young (2048K), 2 survivors (2048K)
 Metaspace       used 24816K, committed 25088K, reserved 1073152K
  class space    used 3187K, committed 3328K, reserved 1048576K
}
Event: 8.805 GC heap before
{Heap before GC invocations=9 (full 0):
 garbage-first heap   total 88064K, used 62055K [0x00000000c4400000, 0x0000000100000000)
  region size 1024K, 46 young (47104K), 2 survivors (2048K)
 Metaspace       used 32293K, committed 32704K, reserved 1081344K
  class space    used 4273K, committed 4480K, reserved 1048576K
}
Event: 8.816 GC heap after
{Heap after GC invocations=10 (full 0):
 garbage-first heap   total 88064K, used 20596K [0x00000000c4400000, 0x0000000100000000)
  region size 1024K, 5 young (5120K), 5 survivors (5120K)
 Metaspace       used 32293K, committed 32704K, reserved 1081344K
  class space    used 4273K, committed 4480K, reserved 1048576K
}
Event: 9.509 GC heap before
{Heap before GC invocations=10 (full 0):
 garbage-first heap   total 88064K, used 44148K [0x00000000c4400000, 0x0000000100000000)
  region size 1024K, 29 young (29696K), 5 survivors (5120K)
 Metaspace       used 35776K, committed 36096K, reserved 1081344K
  class space    used 4776K, committed 4928K, reserved 1048576K
}
Event: 9.523 GC heap after
{Heap after GC invocations=11 (full 0):
 garbage-first heap   total 88064K, used 22256K [0x00000000c4400000, 0x0000000100000000)
  region size 1024K, 2 young (2048K), 2 survivors (2048K)
 Metaspace       used 35776K, committed 36096K, reserved 1081344K
  class space    used 4776K, committed 4928K, reserved 1048576K
}
Event: 10.970 GC heap before
{Heap before GC invocations=12 (full 0):
 garbage-first heap   total 78848K, used 67312K [0x00000000c4400000, 0x0000000100000000)
  region size 1024K, 46 young (47104K), 2 survivors (2048K)
 Metaspace       used 41311K, committed 41728K, reserved 1089536K
  class space    used 5559K, committed 5760K, reserved 1048576K
}
Event: 10.982 GC heap after
{Heap after GC invocations=13 (full 0):
 garbage-first heap   total 78848K, used 25544K [0x00000000c4400000, 0x0000000100000000)
  region size 1024K, 5 young (5120K), 5 survivors (5120K)
 Metaspace       used 41311K, committed 41728K, reserved 1089536K
  class space    used 5559K, committed 5760K, reserved 1048576K
}
Event: 12.081 GC heap before
{Heap before GC invocations=13 (full 0):
 garbage-first heap   total 78848K, used 60360K [0x00000000c4400000, 0x0000000100000000)
  region size 1024K, 39 young (39936K), 5 survivors (5120K)
 Metaspace       used 48493K, committed 48960K, reserved 1097728K
  class space    used 6503K, committed 6720K, reserved 1048576K
}
Event: 12.105 GC heap after
{Heap after GC invocations=14 (full 0):
 garbage-first heap   total 78848K, used 29813K [0x00000000c4400000, 0x0000000100000000)
  region size 1024K, 5 young (5120K), 5 survivors (5120K)
 Metaspace       used 48493K, committed 48960K, reserved 1097728K
  class space    used 6503K, committed 6720K, reserved 1048576K
}

