# JRE version: Java(TM) SE Runtime Environment (17.0.5+9) (build 17.0.5+9-LTS-191)
# Java VM: Java HotSpot(TM) 64-Bit Server VM (17.0.5+9-LTS-191, mixed mode, sharing, tiered, compressed oops, compressed class ptrs, g1 gc, windows-amd64)
GC Precious Log:
 CPUs: 8 total, 8 available
 Memory: 3818M
 Large Page Support: Disabled
 NUMA Support: Disabled
 Compressed Oops: Enabled (32-bit)
 Heap Region Size: 1M
 Heap Min Capacity: 8M
 Heap Initial Capacity: 60M
 Heap Max Capacity: 956M
 Pre-touch: Disabled
 Parallel Workers: 8
 Concurrent Workers: 2
 Concurrent Refinement Workers: 8
 Periodic GC: Disabled
Heap:
 garbage-first heap   total 89088K, used 67139K [0x00000000c4400000, 0x0000000100000000)
  region size 1024K, 25 young (25600K), 1 survivors (1024K)
 Metaspace       used 76006K, committed 76544K, reserved 1122304K
  class space    used 10290K, committed 10560K, reserved 1048576K
GC Heap History (20 events):
Event: 14.633 GC heap before
{Heap before GC invocations=18 (full 0):
 garbage-first heap   total 73728K, used 54692K [0x00000000c4400000, 0x0000000100000000)
  region size 1024K, 25 young (25600K), 3 survivors (3072K)
 Metaspace       used 53864K, committed 54336K, reserved 1097728K
  class space    used 7098K, committed 7296K, reserved 1048576K
}
Event: 14.638 GC heap after
{Heap after GC invocations=19 (full 0):
 garbage-first heap   total 73728K, used 34345K [0x00000000c4400000, 0x0000000100000000)
  region size 1024K, 2 young (2048K), 2 survivors (2048K)
 Metaspace       used 53864K, committed 54336K, reserved 1097728K
  class space    used 7098K, committed 7296K, reserved 1048576K
}
Event: 15.285 GC heap before
{Heap before GC invocations=19 (full 0):
 garbage-first heap   total 73728K, used 55849K [0x00000000c4400000, 0x0000000100000000)
  region size 1024K, 24 young (24576K), 2 survivors (2048K)
 Metaspace       used 59963K, committed 60416K, reserved 1105920K
  class space    used 8074K, committed 8256K, reserved 1048576K
}
Event: 15.289 GC heap after
{Heap after GC invocations=20 (full 0):
 garbage-first heap   total 73728K, used 35200K [0x00000000c4400000, 0x0000000100000000)
  region size 1024K, 3 young (3072K), 3 survivors (3072K)
 Metaspace       used 59963K, committed 60416K, reserved 1105920K
  class space    used 8074K, committed 8256K, reserved 1048576K
}
Event: 16.126 GC heap before
{Heap before GC invocations=21 (full 0):
 garbage-first heap   total 73728K, used 57728K [0x00000000c4400000, 0x0000000100000000)
  region size 1024K, 25 young (25600K), 3 survivors (3072K)
 Metaspace       used 64203K, committed 64768K, reserved 1105920K
  class space    used 8721K, committed 8960K, reserved 1048576K
}
Event: 16.131 GC heap after
{Heap after GC invocations=22 (full 0):
 garbage-first heap   total 73728K, used 36541K [0x00000000c4400000, 0x0000000100000000)
  region size 1024K, 4 young (4096K), 4 survivors (4096K)
 Metaspace       used 64203K, committed 64768K, reserved 1105920K
  class space    used 8721K, committed 8960K, reserved 1048576K
}
Event: 16.167 GC heap before
{Heap before GC invocations=22 (full 0):
 garbage-first heap   total 73728K, used 37565K [0x00000000c4400000, 0x0000000100000000)
  region size 1024K, 5 young (5120K), 4 survivors (4096K)
 Metaspace       used 64359K, committed 64960K, reserved 1105920K
  class space    used 8741K, committed 9024K, reserved 1048576K
}
Event: 16.176 GC heap after
{Heap after GC invocations=23 (full 0):
 garbage-first heap   total 73728K, used 36095K [0x00000000c4400000, 0x0000000100000000)
  region size 1024K, 1 young (1024K), 1 survivors (1024K)
 Metaspace       used 64359K, committed 64960K, reserved 1105920K
  class space    used 8741K, committed 9024K, reserved 1048576K
}
Event: 17.083 GC heap before
{Heap before GC invocations=23 (full 0):
 garbage-first heap   total 73728K, used 57599K [0x00000000c4400000, 0x0000000100000000)
  region size 1024K, 23 young (23552K), 1 survivors (1024K)
 Metaspace       used 67686K, committed 68224K, reserved 1114112K
  class space    used 9190K, committed 9472K, reserved 1048576K
}
Event: 17.087 GC heap after
{Heap after GC invocations=24 (full 0):
 garbage-first heap   total 73728K, used 37523K [0x00000000c4400000, 0x0000000100000000)
  region size 1024K, 2 young (2048K), 2 survivors (2048K)
 Metaspace       used 67686K, committed 68224K, reserved 1114112K
  class space    used 9190K, committed 9472K, reserved 1048576K
}
Event: 17.623 GC heap before
{Heap before GC invocations=25 (full 0):
 garbage-first heap   total 73728K, used 60051K [0x00000000c4400000, 0x0000000100000000)
  region size 1024K, 24 young (24576K), 2 survivors (2048K)
 Metaspace       used 70358K, committed 70912K, reserved 1114112K
  class space    used 9551K, committed 9792K, reserved 1048576K
}
Event: 17.628 GC heap after
{Heap after GC invocations=26 (full 0):
 garbage-first heap   total 73728K, used 39874K [0x00000000c4400000, 0x0000000100000000)
  region size 1024K, 3 young (3072K), 3 survivors (3072K)
 Metaspace       used 70358K, committed 70912K, reserved 1114112K
  class space    used 9551K, committed 9792K, reserved 1048576K
}
Event: 17.645 GC heap before
{Heap before GC invocations=26 (full 0):
 garbage-first heap   total 73728K, used 40898K [0x00000000c4400000, 0x0000000100000000)
  region size 1024K, 4 young (4096K), 3 survivors (3072K)
 Metaspace       used 70415K, committed 70912K, reserved 1114112K
  class space    used 9555K, committed 9792K, reserved 1048576K
}
Event: 17.648 GC heap after
{Heap after GC invocations=27 (full 0):
 garbage-first heap   total 73728K, used 39838K [0x00000000c4400000, 0x0000000100000000)
  region size 1024K, 1 young (1024K), 1 survivors (1024K)
 Metaspace       used 70415K, committed 70912K, reserved 1114112K
  class space    used 9555K, committed 9792K, reserved 1048576K
}
Event: 18.173 GC heap before
{Heap before GC invocations=27 (full 0):
 garbage-first heap   total 73728K, used 59294K [0x00000000c4400000, 0x0000000100000000)
  region size 1024K, 20 young (20480K), 1 survivors (1024K)
 Metaspace       used 72080K, committed 72640K, reserved 1114112K
  class space    used 9802K, committed 10048K, reserved 1048576K
}
Event: 18.176 GC heap after
{Heap after GC invocations=28 (full 0):
 garbage-first heap   total 73728K, used 40990K [0x00000000c4400000, 0x0000000100000000)
  region size 1024K, 2 young (2048K), 2 survivors (2048K)
 Metaspace       used 72080K, committed 72640K, reserved 1114112K
  class space    used 9802K, committed 10048K, reserved 1048576K
}
Event: 18.754 GC heap before
{Heap before GC invocations=29 (full 0):
 garbage-first heap   total 73728K, used 59422K [0x00000000c4400000, 0x0000000100000000)
  region size 1024K, 20 young (20480K), 2 survivors (2048K)
 Metaspace       used 74950K, committed 75584K, reserved 1114112K
  class space    used 10197K, committed 10496K, reserved 1048576K
}
Event: 18.760 GC heap after
{Heap after GC invocations=30 (full 0):
 garbage-first heap   total 73728K, used 43457K [0x00000000c4400000, 0x0000000100000000)
  region size 1024K, 3 young (3072K), 3 survivors (3072K)
 Metaspace       used 74950K, committed 75584K, reserved 1114112K
  class space    used 10197K, committed 10496K, reserved 1048576K
}
Event: 18.801 GC heap before
{Heap before GC invocations=30 (full 0):
 garbage-first heap   total 73728K, used 44481K [0x00000000c4400000, 0x0000000100000000)
  region size 1024K, 4 young (4096K), 3 survivors (3072K)
 Metaspace       used 75337K, committed 75904K, reserved 1114112K
  class space    used 10241K, committed 10496K, reserved 1048576K
}
Event: 18.805 GC heap after
{Heap after GC invocations=31 (full 0):
 garbage-first heap   total 89088K, used 43587K [0x00000000c4400000, 0x0000000100000000)
  region size 1024K, 1 young (1024K), 1 survivors (1024K)
 Metaspace       used 75337K, committed 75904K, reserved 1114112K
  class space    used 10241K, committed 10496K, reserved 1048576K
}

