# JRE version: Java(TM) SE Runtime Environment (17.0.5+9) (build 17.0.5+9-LTS-191)
# Java VM: Java HotSpot(TM) 64-Bit Server VM (17.0.5+9-LTS-191, mixed mode, sharing, tiered, compressed oops, compressed class ptrs, g1 gc, windows-amd64)
GC Precious Log:
 CPUs: 8 total, 8 available
 Memory: 3818M
 Large Page Support: Disabled
 NUMA Support: Disabled
 Compressed Oops: Enabled (32-bit)
 Heap Region Size: 1M
 Heap Min Capacity: 8M
 Heap Initial Capacity: 60M
 Heap Max Capacity: 956M
 Pre-touch: Disabled
 Parallel Workers: 8
 Concurrent Workers: 2
 Concurrent Refinement Workers: 8
 Periodic GC: Disabled
Heap:
 garbage-first heap   total 89088K, used 61813K [0x00000000c4400000, 0x0000000100000000)
  region size 1024K, 22 young (22528K), 1 survivors (1024K)
 Metaspace       used 78518K, committed 79040K, reserved 1122304K
  class space    used 10606K, committed 10880K, reserved 1048576K
GC Heap History (20 events):
Event: 9.645 GC heap before
{Heap before GC invocations=24 (full 0):
 garbage-first heap   total 73728K, used 58838K [0x00000000c4400000, 0x0000000100000000)
  region size 1024K, 20 young (20480K), 1 survivors (1024K)
 Metaspace       used 71262K, committed 71872K, reserved 1114112K
  class space    used 9689K, committed 9984K, reserved 1048576K
}
Event: 9.650 GC heap after
{Heap after GC invocations=25 (full 0):
 garbage-first heap   total 89088K, used 41659K [0x00000000c4400000, 0x0000000100000000)
  region size 1024K, 3 young (3072K), 3 survivors (3072K)
 Metaspace       used 71262K, committed 71872K, reserved 1114112K
  class space    used 9689K, committed 9984K, reserved 1048576K
}
Event: 247.436 GC heap before
{Heap before GC invocations=26 (full 0):
 garbage-first heap   total 89088K, used 69307K [0x00000000c4400000, 0x0000000100000000)
  region size 1024K, 30 young (30720K), 3 survivors (3072K)
 Metaspace       used 75282K, committed 75904K, reserved 1122304K
  class space    used 10210K, committed 10496K, reserved 1048576K
}
Event: 247.624 GC heap after
{Heap after GC invocations=27 (full 0):
 garbage-first heap   total 89088K, used 42963K [0x00000000c4400000, 0x0000000100000000)
  region size 1024K, 2 young (2048K), 2 survivors (2048K)
 Metaspace       used 75282K, committed 75904K, reserved 1122304K
  class space    used 10210K, committed 10496K, reserved 1048576K
}
Event: 304.155 GC heap before
{Heap before GC invocations=27 (full 0):
 garbage-first heap   total 89088K, used 45011K [0x00000000c4400000, 0x0000000100000000)
  region size 1024K, 4 young (4096K), 2 survivors (2048K)
 Metaspace       used 75299K, committed 75904K, reserved 1122304K
  class space    used 10210K, committed 10496K, reserved 1048576K
}
Event: 304.811 GC heap after
{Heap after GC invocations=28 (full 0):
 garbage-first heap   total 89088K, used 42690K [0x00000000c4400000, 0x0000000100000000)
  region size 1024K, 1 young (1024K), 1 survivors (1024K)
 Metaspace       used 75299K, committed 75904K, reserved 1122304K
  class space    used 10210K, committed 10496K, reserved 1048576K
}
Event: 1159.862 GC heap before
{Heap before GC invocations=28 (full 0):
 garbage-first heap   total 89088K, used 71362K [0x00000000c4400000, 0x0000000100000000)
  region size 1024K, 29 young (29696K), 1 survivors (1024K)
 Metaspace       used 75519K, committed 76096K, reserved 1122304K
  class space    used 10212K, committed 10496K, reserved 1048576K
}
Event: 1160.085 GC heap after
{Heap after GC invocations=29 (full 0):
 garbage-first heap   total 89088K, used 42535K [0x00000000c4400000, 0x0000000100000000)
  region size 1024K, 1 young (1024K), 1 survivors (1024K)
 Metaspace       used 75519K, committed 76096K, reserved 1122304K
  class space    used 10212K, committed 10496K, reserved 1048576K
}
Event: 1253.538 GC heap before
{Heap before GC invocations=30 (full 0):
 garbage-first heap   total 89088K, used 45607K [0x00000000c4400000, 0x0000000100000000)
  region size 1024K, 4 young (4096K), 1 survivors (1024K)
 Metaspace       used 75254K, committed 76096K, reserved 1122304K
  class space    used 10149K, committed 10496K, reserved 1048576K
}
Event: 1253.698 GC heap after
{Heap after GC invocations=31 (full 0):
 garbage-first heap   total 89088K, used 42504K [0x00000000c4400000, 0x0000000100000000)
  region size 1024K, 1 young (1024K), 1 survivors (1024K)
 Metaspace       used 75254K, committed 76096K, reserved 1122304K
  class space    used 10149K, committed 10496K, reserved 1048576K
}
Event: 1345.230 GC heap before
{Heap before GC invocations=31 (full 0):
 garbage-first heap   total 89088K, used 45576K [0x00000000c4400000, 0x0000000100000000)
  region size 1024K, 4 young (4096K), 1 survivors (1024K)
 Metaspace       used 75300K, committed 76096K, reserved 1122304K
  class space    used 10149K, committed 10496K, reserved 1048576K
}
Event: 1345.387 GC heap after
{Heap after GC invocations=32 (full 0):
 garbage-first heap   total 89088K, used 41763K [0x00000000c4400000, 0x0000000100000000)
  region size 1024K, 1 young (1024K), 1 survivors (1024K)
 Metaspace       used 75300K, committed 76096K, reserved 1122304K
  class space    used 10149K, committed 10496K, reserved 1048576K
}
Event: 1381.922 GC heap before
{Heap before GC invocations=32 (full 0):
 garbage-first heap   total 89088K, used 44835K [0x00000000c4400000, 0x0000000100000000)
  region size 1024K, 4 young (4096K), 1 survivors (1024K)
 Metaspace       used 75808K, committed 76416K, reserved 1122304K
  class space    used 10207K, committed 10496K, reserved 1048576K
}
Event: 1382.253 GC heap after
{Heap after GC invocations=33 (full 0):
 garbage-first heap   total 89088K, used 41142K [0x00000000c4400000, 0x0000000100000000)
  region size 1024K, 1 young (1024K), 1 survivors (1024K)
 Metaspace       used 75808K, committed 76416K, reserved 1122304K
  class space    used 10207K, committed 10496K, reserved 1048576K
}
Event: 1392.691 GC heap before
{Heap before GC invocations=33 (full 0):
 garbage-first heap   total 89088K, used 43190K [0x00000000c4400000, 0x0000000100000000)
  region size 1024K, 4 young (4096K), 1 survivors (1024K)
 Metaspace       used 76442K, committed 76928K, reserved 1122304K
  class space    used 10292K, committed 10496K, reserved 1048576K
}
Event: 1392.784 GC heap after
{Heap after GC invocations=34 (full 0):
 garbage-first heap   total 89088K, used 40917K [0x00000000c4400000, 0x0000000100000000)
  region size 1024K, 1 young (1024K), 1 survivors (1024K)
 Metaspace       used 76442K, committed 76928K, reserved 1122304K
  class space    used 10292K, committed 10496K, reserved 1048576K
}
Event: 1394.114 GC heap before
{Heap before GC invocations=34 (full 0):
 garbage-first heap   total 89088K, used 43989K [0x00000000c4400000, 0x0000000100000000)
  region size 1024K, 4 young (4096K), 1 survivors (1024K)
 Metaspace       used 77020K, committed 77504K, reserved 1122304K
  class space    used 10368K, committed 10624K, reserved 1048576K
}
Event: 1394.148 GC heap after
{Heap after GC invocations=35 (full 0):
 garbage-first heap   total 89088K, used 41064K [0x00000000c4400000, 0x0000000100000000)
  region size 1024K, 1 young (1024K), 1 survivors (1024K)
 Metaspace       used 77020K, committed 77504K, reserved 1122304K
  class space    used 10368K, committed 10624K, reserved 1048576K
}
Event: 1394.490 GC heap before
{Heap before GC invocations=35 (full 0):
 garbage-first heap   total 89088K, used 44136K [0x00000000c4400000, 0x0000000100000000)
  region size 1024K, 4 young (4096K), 1 survivors (1024K)
 Metaspace       used 77262K, committed 77760K, reserved 1122304K
  class space    used 10404K, committed 10688K, reserved 1048576K
}
Event: 1394.509 GC heap after
{Heap after GC invocations=36 (full 0):
 garbage-first heap   total 89088K, used 41333K [0x00000000c4400000, 0x0000000100000000)
  region size 1024K, 1 young (1024K), 1 survivors (1024K)
 Metaspace       used 77262K, committed 77760K, reserved 1122304K
  class space    used 10404K, committed 10688K, reserved 1048576K
}

