# JRE version: Java(TM) SE Runtime Environment (17.0.5+9) (build 17.0.5+9-LTS-191)
# Java VM: Java HotSpot(TM) 64-Bit Server VM (17.0.5+9-LTS-191, mixed mode, sharing, tiered, compressed oops, compressed class ptrs, g1 gc, windows-amd64)
GC Precious Log:
 CPUs: 8 total, 8 available
 Memory: 3818M
 Large Page Support: Disabled
 NUMA Support: Disabled
 Compressed Oops: Enabled (32-bit)
 Heap Region Size: 1M
 Heap Min Capacity: 8M
 Heap Initial Capacity: 60M
 Heap Max Capacity: 956M
 Pre-touch: Disabled
 Parallel Workers: 8
 Concurrent Workers: 2
 Concurrent Refinement Workers: 8
 Periodic GC: Disabled
Heap:
 garbage-first heap   total 70656K, used 37086K [0x00000000c4400000, 0x0000000100000000)
  region size 1024K, 3 young (3072K), 1 survivors (1024K)
 Metaspace       used 64009K, committed 64960K, reserved 1105920K
  class space    used 8171K, committed 8576K, reserved 1048576K
GC Heap History (20 events):
Event: 5.393 GC heap before
{Heap before GC invocations=13 (full 0):
 garbage-first heap   total 70656K, used 55883K [0x00000000c4400000, 0x0000000100000000)
  region size 1024K, 35 young (35840K), 5 survivors (5120K)
 Metaspace       used 44493K, committed 44992K, reserved 1089536K
  class space    used 5913K, committed 6144K, reserved 1048576K
}
Event: 5.401 GC heap after
{Heap after GC invocations=14 (full 0):
 garbage-first heap   total 70656K, used 28260K [0x00000000c4400000, 0x0000000100000000)
  region size 1024K, 4 young (4096K), 4 survivors (4096K)
 Metaspace       used 44493K, committed 44992K, reserved 1089536K
  class space    used 5913K, committed 6144K, reserved 1048576K
}
Event: 6.031 GC heap before
{Heap before GC invocations=14 (full 0):
 garbage-first heap   total 70656K, used 54884K [0x00000000c4400000, 0x0000000100000000)
  region size 1024K, 30 young (30720K), 4 survivors (4096K)
 Metaspace       used 48155K, committed 48704K, reserved 1097728K
  class space    used 6432K, committed 6720K, reserved 1048576K
}
Event: 6.035 GC heap after
{Heap after GC invocations=15 (full 0):
 garbage-first heap   total 70656K, used 30310K [0x00000000c4400000, 0x0000000100000000)
  region size 1024K, 3 young (3072K), 3 survivors (3072K)
 Metaspace       used 48155K, committed 48704K, reserved 1097728K
  class space    used 6432K, committed 6720K, reserved 1048576K
}
Event: 6.759 GC heap before
{Heap before GC invocations=15 (full 0):
 garbage-first heap   total 70656K, used 54886K [0x00000000c4400000, 0x0000000100000000)
  region size 1024K, 27 young (27648K), 3 survivors (3072K)
 Metaspace       used 53505K, committed 53952K, reserved 1097728K
  class space    used 7095K, committed 7296K, reserved 1048576K
}
Event: 6.764 GC heap after
{Heap after GC invocations=16 (full 0):
 garbage-first heap   total 70656K, used 33534K [0x00000000c4400000, 0x0000000100000000)
  region size 1024K, 4 young (4096K), 4 survivors (4096K)
 Metaspace       used 53505K, committed 53952K, reserved 1097728K
  class space    used 7095K, committed 7296K, reserved 1048576K
}
Event: 25.702 GC heap before
{Heap before GC invocations=16 (full 0):
 garbage-first heap   total 70656K, used 55038K [0x00000000c4400000, 0x0000000100000000)
  region size 1024K, 25 young (25600K), 4 survivors (4096K)
 Metaspace       used 58174K, committed 58752K, reserved 1105920K
  class space    used 7725K, committed 8000K, reserved 1048576K
}
Event: 25.735 GC heap after
{Heap after GC invocations=17 (full 0):
 garbage-first heap   total 70656K, used 35308K [0x00000000c4400000, 0x0000000100000000)
  region size 1024K, 2 young (2048K), 2 survivors (2048K)
 Metaspace       used 58174K, committed 58752K, reserved 1105920K
  class space    used 7725K, committed 8000K, reserved 1048576K
}
Event: 172.766 GC heap before
{Heap before GC invocations=17 (full 0):
 garbage-first heap   total 70656K, used 48620K [0x00000000c4400000, 0x0000000100000000)
  region size 1024K, 16 young (16384K), 2 survivors (2048K)
 Metaspace       used 59884K, committed 60416K, reserved 1105920K
  class space    used 7884K, committed 8128K, reserved 1048576K
}
Event: 172.832 GC heap after
{Heap after GC invocations=18 (full 0):
 garbage-first heap   total 70656K, used 36156K [0x00000000c4400000, 0x0000000100000000)
  region size 1024K, 3 young (3072K), 3 survivors (3072K)
 Metaspace       used 59884K, committed 60416K, reserved 1105920K
  class space    used 7884K, committed 8128K, reserved 1048576K
}
Event: 345.925 GC heap before
{Heap before GC invocations=19 (full 0):
 garbage-first heap   total 70656K, used 56636K [0x00000000c4400000, 0x0000000100000000)
  region size 1024K, 23 young (23552K), 3 survivors (3072K)
 Metaspace       used 62698K, committed 63296K, reserved 1105920K
  class space    used 8249K, committed 8576K, reserved 1048576K
}
Event: 345.995 GC heap after
{Heap after GC invocations=20 (full 0):
 garbage-first heap   total 70656K, used 37361K [0x00000000c4400000, 0x0000000100000000)
  region size 1024K, 3 young (3072K), 3 survivors (3072K)
 Metaspace       used 62698K, committed 63296K, reserved 1105920K
  class space    used 8249K, committed 8576K, reserved 1048576K
}
Event: 755.005 GC heap before
{Heap before GC invocations=20 (full 0):
 garbage-first heap   total 70656K, used 56817K [0x00000000c4400000, 0x0000000100000000)
  region size 1024K, 22 young (22528K), 3 survivors (3072K)
 Metaspace       used 63597K, committed 64256K, reserved 1105920K
  class space    used 8250K, committed 8576K, reserved 1048576K
}
Event: 755.104 GC heap after
{Heap after GC invocations=21 (full 0):
 garbage-first heap   total 70656K, used 37529K [0x00000000c4400000, 0x0000000100000000)
  region size 1024K, 2 young (2048K), 2 survivors (2048K)
 Metaspace       used 63597K, committed 64256K, reserved 1105920K
  class space    used 8250K, committed 8576K, reserved 1048576K
}
Event: 1211.235 GC heap before
{Heap before GC invocations=22 (full 0):
 garbage-first heap   total 70656K, used 58009K [0x00000000c4400000, 0x0000000100000000)
  region size 1024K, 22 young (22528K), 2 survivors (2048K)
 Metaspace       used 64085K, committed 64704K, reserved 1105920K
  class space    used 8250K, committed 8576K, reserved 1048576K
}
Event: 1211.382 GC heap after
{Heap after GC invocations=23 (full 0):
 garbage-first heap   total 70656K, used 37644K [0x00000000c4400000, 0x0000000100000000)
  region size 1024K, 2 young (2048K), 2 survivors (2048K)
 Metaspace       used 64085K, committed 64704K, reserved 1105920K
  class space    used 8250K, committed 8576K, reserved 1048576K
}
Event: 1226.577 GC heap before
{Heap before GC invocations=23 (full 0):
 garbage-first heap   total 70656K, used 38668K [0x00000000c4400000, 0x0000000100000000)
  region size 1024K, 3 young (3072K), 2 survivors (2048K)
 Metaspace       used 64116K, committed 64768K, reserved 1105920K
  class space    used 8250K, committed 8576K, reserved 1048576K
}
Event: 1226.679 GC heap after
{Heap after GC invocations=24 (full 0):
 garbage-first heap   total 70656K, used 36934K [0x00000000c4400000, 0x0000000100000000)
  region size 1024K, 1 young (1024K), 1 survivors (1024K)
 Metaspace       used 64116K, committed 64768K, reserved 1105920K
  class space    used 8250K, committed 8576K, reserved 1048576K
}
Event: 1757.910 GC heap before
{Heap before GC invocations=24 (full 0):
 garbage-first heap   total 70656K, used 58438K [0x00000000c4400000, 0x0000000100000000)
  region size 1024K, 22 young (22528K), 1 survivors (1024K)
 Metaspace       used 64331K, committed 64960K, reserved 1105920K
  class space    used 8250K, committed 8576K, reserved 1048576K
}
Event: 1758.035 GC heap after
{Heap after GC invocations=25 (full 0):
 garbage-first heap   total 70656K, used 37086K [0x00000000c4400000, 0x0000000100000000)
  region size 1024K, 1 young (1024K), 1 survivors (1024K)
 Metaspace       used 64331K, committed 64960K, reserved 1105920K
  class space    used 8250K, committed 8576K, reserved 1048576K
}

