# JRE version: Java(TM) SE Runtime Environment (17.0.5+9) (build 17.0.5+9-LTS-191)
# Java VM: Java HotSpot(TM) 64-Bit Server VM (17.0.5+9-LTS-191, mixed mode, sharing, tiered, compressed oops, compressed class ptrs, g1 gc, windows-amd64)
GC Precious Log:
 CPUs: 8 total, 8 available
 Memory: 3818M
 Large Page Support: Disabled
 NUMA Support: Disabled
 Compressed Oops: Enabled (32-bit)
 Heap Region Size: 1M
 Heap Min Capacity: 8M
 Heap Initial Capacity: 60M
 Heap Max Capacity: 956M
 Pre-touch: Disabled
 Parallel Workers: 8
 Concurrent Workers: 2
 Concurrent Refinement Workers: 8
 Periodic GC: Disabled
Heap:
 garbage-first heap   total 81920K, used 50875K [0x00000000c4400000, 0x0000000100000000)
  region size 1024K, 6 young (6144K), 1 survivors (1024K)
 Metaspace       used 80836K, committed 81408K, reserved 1122304K
  class space    used 11234K, committed 11456K, reserved 1048576K
GC Heap History (20 events):
Event: 7.969 GC heap before
{Heap before GC invocations=15 (full 0):
 garbage-first heap   total 73728K, used 56655K [0x00000000c4400000, 0x0000000100000000)
  region size 1024K, 28 young (28672K), 4 survivors (4096K)
 Metaspace       used 56900K, committed 57344K, reserved 1105920K
  class space    used 7623K, committed 7808K, reserved 1048576K
}
Event: 7.973 GC heap after
{Heap after GC invocations=16 (full 0):
 garbage-first heap   total 73728K, used 34103K [0x00000000c4400000, 0x0000000100000000)
  region size 1024K, 4 young (4096K), 4 survivors (4096K)
 Metaspace       used 56900K, committed 57344K, reserved 1105920K
  class space    used 7623K, committed 7808K, reserved 1048576K
}
Event: 8.444 GC heap before
{Heap before GC invocations=16 (full 0):
 garbage-first heap   total 73728K, used 47415K [0x00000000c4400000, 0x0000000100000000)
  region size 1024K, 18 young (18432K), 4 survivors (4096K)
 Metaspace       used 60021K, committed 60480K, reserved 1105920K
  class space    used 8142K, committed 8384K, reserved 1048576K
}
Event: 8.448 GC heap after
{Heap after GC invocations=17 (full 0):
 garbage-first heap   total 73728K, used 34813K [0x00000000c4400000, 0x0000000100000000)
  region size 1024K, 2 young (2048K), 2 survivors (2048K)
 Metaspace       used 60021K, committed 60480K, reserved 1105920K
  class space    used 8142K, committed 8384K, reserved 1048576K
}
Event: 9.265 GC heap before
{Heap before GC invocations=18 (full 0):
 garbage-first heap   total 73728K, used 59389K [0x00000000c4400000, 0x0000000100000000)
  region size 1024K, 26 young (26624K), 2 survivors (2048K)
 Metaspace       used 64381K, committed 64896K, reserved 1105920K
  class space    used 8757K, committed 9024K, reserved 1048576K
}
Event: 9.271 GC heap after
{Heap after GC invocations=19 (full 0):
 garbage-first heap   total 73728K, used 36572K [0x00000000c4400000, 0x0000000100000000)
  region size 1024K, 4 young (4096K), 4 survivors (4096K)
 Metaspace       used 64381K, committed 64896K, reserved 1105920K
  class space    used 8757K, committed 9024K, reserved 1048576K
}
Event: 9.762 GC heap before
{Heap before GC invocations=19 (full 0):
 garbage-first heap   total 73728K, used 59100K [0x00000000c4400000, 0x0000000100000000)
  region size 1024K, 26 young (26624K), 4 survivors (4096K)
 Metaspace       used 67432K, committed 67968K, reserved 1114112K
  class space    used 9406K, committed 9664K, reserved 1048576K
}
Event: 9.774 GC heap after
{Heap after GC invocations=20 (full 0):
 garbage-first heap   total 73728K, used 38465K [0x00000000c4400000, 0x0000000100000000)
  region size 1024K, 4 young (4096K), 4 survivors (4096K)
 Metaspace       used 67432K, committed 67968K, reserved 1114112K
  class space    used 9406K, committed 9664K, reserved 1048576K
}
Event: 11.041 GC heap before
{Heap before GC invocations=21 (full 0):
 garbage-first heap   total 73728K, used 58945K [0x00000000c4400000, 0x0000000100000000)
  region size 1024K, 25 young (25600K), 4 survivors (4096K)
 Metaspace       used 70717K, committed 71296K, reserved 1114112K
  class space    used 9861K, committed 10112K, reserved 1048576K
}
Event: 11.046 GC heap after
{Heap after GC invocations=22 (full 0):
 garbage-first heap   total 73728K, used 40254K [0x00000000c4400000, 0x0000000100000000)
  region size 1024K, 4 young (4096K), 4 survivors (4096K)
 Metaspace       used 70717K, committed 71296K, reserved 1114112K
  class space    used 9861K, committed 10112K, reserved 1048576K
}
Event: 11.752 GC heap before
{Heap before GC invocations=22 (full 0):
 garbage-first heap   total 73728K, used 59710K [0x00000000c4400000, 0x0000000100000000)
  region size 1024K, 23 young (23552K), 4 survivors (4096K)
 Metaspace       used 73279K, committed 73856K, reserved 1114112K
  class space    used 10185K, committed 10432K, reserved 1048576K
}
Event: 11.759 GC heap after
{Heap after GC invocations=23 (full 0):
 garbage-first heap   total 73728K, used 42047K [0x00000000c4400000, 0x0000000100000000)
  region size 1024K, 3 young (3072K), 3 survivors (3072K)
 Metaspace       used 73279K, committed 73856K, reserved 1114112K
  class space    used 10185K, committed 10432K, reserved 1048576K
}
Event: 12.513 GC heap before
{Heap before GC invocations=24 (full 0):
 garbage-first heap   total 73728K, used 59455K [0x00000000c4400000, 0x0000000100000000)
  region size 1024K, 20 young (20480K), 3 survivors (3072K)
 Metaspace       used 74870K, committed 75392K, reserved 1122304K
  class space    used 10406K, committed 10624K, reserved 1048576K
}
Event: 12.519 GC heap after
{Heap after GC invocations=25 (full 0):
 garbage-first heap   total 73728K, used 43649K [0x00000000c4400000, 0x0000000100000000)
  region size 1024K, 2 young (2048K), 2 survivors (2048K)
 Metaspace       used 74870K, committed 75392K, reserved 1122304K
  class space    used 10406K, committed 10624K, reserved 1048576K
}
Event: 12.898 GC heap before
{Heap before GC invocations=25 (full 0):
 garbage-first heap   total 73728K, used 60033K [0x00000000c4400000, 0x0000000100000000)
  region size 1024K, 18 young (18432K), 2 survivors (2048K)
 Metaspace       used 76503K, committed 77120K, reserved 1122304K
  class space    used 10619K, committed 10944K, reserved 1048576K
}
Event: 12.904 GC heap after
{Heap after GC invocations=26 (full 0):
 garbage-first heap   total 73728K, used 46081K [0x00000000c4400000, 0x0000000100000000)
  region size 1024K, 3 young (3072K), 3 survivors (3072K)
 Metaspace       used 76503K, committed 77120K, reserved 1122304K
  class space    used 10619K, committed 10944K, reserved 1048576K
}
Event: 13.755 GC heap before
{Heap before GC invocations=27 (full 0):
 garbage-first heap   total 81920K, used 59393K [0x00000000c4400000, 0x0000000100000000)
  region size 1024K, 16 young (16384K), 3 survivors (3072K)
 Metaspace       used 79574K, committed 80192K, reserved 1122304K
  class space    used 11076K, committed 11392K, reserved 1048576K
}
Event: 13.759 GC heap after
{Heap after GC invocations=28 (full 0):
 garbage-first heap   total 81920K, used 47187K [0x00000000c4400000, 0x0000000100000000)
  region size 1024K, 2 young (2048K), 2 survivors (2048K)
 Metaspace       used 79574K, committed 80192K, reserved 1122304K
  class space    used 11076K, committed 11392K, reserved 1048576K
}
Event: 13.824 GC heap before
{Heap before GC invocations=28 (full 0):
 garbage-first heap   total 81920K, used 49235K [0x00000000c4400000, 0x0000000100000000)
  region size 1024K, 4 young (4096K), 2 survivors (2048K)
 Metaspace       used 80070K, committed 80640K, reserved 1122304K
  class space    used 11133K, committed 11392K, reserved 1048576K
}
Event: 13.826 GC heap after
{Heap after GC invocations=29 (full 0):
 garbage-first heap   total 81920K, used 46779K [0x00000000c4400000, 0x0000000100000000)
  region size 1024K, 1 young (1024K), 1 survivors (1024K)
 Metaspace       used 80070K, committed 80640K, reserved 1122304K
  class space    used 11133K, committed 11392K, reserved 1048576K
}

