# JRE version: Java(TM) SE Runtime Environment (17.0.5+9) (build 17.0.5+9-LTS-191)
# Java VM: Java HotSpot(TM) 64-Bit Server VM (17.0.5+9-LTS-191, mixed mode, sharing, tiered, compressed oops, compressed class ptrs, g1 gc, windows-amd64)
GC Precious Log:
 CPUs: 8 total, 8 available
 Memory: 3818M
 Large Page Support: Disabled
 NUMA Support: Disabled
 Compressed Oops: Enabled (32-bit)
 Heap Region Size: 1M
 Heap Min Capacity: 8M
 Heap Initial Capacity: 60M
 Heap Max Capacity: 956M
 Pre-touch: Disabled
 Parallel Workers: 8
 Concurrent Workers: 2
 Concurrent Refinement Workers: 8
 Periodic GC: Disabled
Heap:
 garbage-first heap   total 73728K, used 44900K [0x00000000c4400000, 0x0000000100000000)
  region size 1024K, 13 young (13312K), 3 survivors (3072K)
 Metaspace       used 66308K, committed 66816K, reserved 1114112K
  class space    used 9076K, committed 9280K, reserved 1048576K
GC Heap History (20 events):
Event: 9.312 GC heap before
{Heap before GC invocations=8 (full 0):
 garbage-first heap   total 61440K, used 44217K [0x00000000c4400000, 0x0000000100000000)
  region size 1024K, 27 young (27648K), 4 survivors (4096K)
 Metaspace       used 29379K, committed 29760K, reserved 1081344K
  class space    used 3833K, committed 3968K, reserved 1048576K
}
Event: 9.317 GC heap after
{Heap after GC invocations=9 (full 0):
 garbage-first heap   total 61440K, used 22698K [0x00000000c4400000, 0x0000000100000000)
  region size 1024K, 4 young (4096K), 4 survivors (4096K)
 Metaspace       used 29379K, committed 29760K, reserved 1081344K
  class space    used 3833K, committed 3968K, reserved 1048576K
}
Event: 10.062 GC heap before
{Heap before GC invocations=9 (full 0):
 garbage-first heap   total 61440K, used 45226K [0x00000000c4400000, 0x0000000100000000)
  region size 1024K, 26 young (26624K), 4 survivors (4096K)
 Metaspace       used 32946K, committed 33280K, reserved 1081344K
  class space    used 4337K, committed 4480K, reserved 1048576K
}
Event: 10.068 GC heap after
{Heap after GC invocations=10 (full 0):
 garbage-first heap   total 61440K, used 24628K [0x00000000c4400000, 0x0000000100000000)
  region size 1024K, 4 young (4096K), 4 survivors (4096K)
 Metaspace       used 32946K, committed 33280K, reserved 1081344K
  class space    used 4337K, committed 4480K, reserved 1048576K
}
Event: 10.322 GC heap before
{Heap before GC invocations=10 (full 0):
 garbage-first heap   total 61440K, used 50228K [0x00000000c4400000, 0x0000000100000000)
  region size 1024K, 25 young (25600K), 4 survivors (4096K)
 Metaspace       used 34150K, committed 34496K, reserved 1081344K
  class space    used 4448K, committed 4608K, reserved 1048576K
}
Event: 10.328 GC heap after
{Heap after GC invocations=11 (full 0):
 garbage-first heap   total 61440K, used 27494K [0x00000000c4400000, 0x0000000100000000)
  region size 1024K, 4 young (4096K), 4 survivors (4096K)
 Metaspace       used 34150K, committed 34496K, reserved 1081344K
  class space    used 4448K, committed 4608K, reserved 1048576K
}
Event: 10.747 GC heap before
{Heap before GC invocations=11 (full 0):
 garbage-first heap   total 61440K, used 44902K [0x00000000c4400000, 0x0000000100000000)
  region size 1024K, 21 young (21504K), 4 survivors (4096K)
 Metaspace       used 35702K, committed 36096K, reserved 1081344K
  class space    used 4663K, committed 4864K, reserved 1048576K
}
Event: 10.754 GC heap after
{Heap after GC invocations=12 (full 0):
 garbage-first heap   total 61440K, used 29224K [0x00000000c4400000, 0x0000000100000000)
  region size 1024K, 2 young (2048K), 2 survivors (2048K)
 Metaspace       used 35702K, committed 36096K, reserved 1081344K
  class space    used 4663K, committed 4864K, reserved 1048576K
}
Event: 11.447 GC heap before
{Heap before GC invocations=13 (full 0):
 garbage-first heap   total 61440K, used 47656K [0x00000000c4400000, 0x0000000100000000)
  region size 1024K, 20 young (20480K), 2 survivors (2048K)
 Metaspace       used 40312K, committed 40768K, reserved 1089536K
  class space    used 5347K, committed 5568K, reserved 1048576K
}
Event: 11.451 GC heap after
{Heap after GC invocations=14 (full 0):
 garbage-first heap   total 61440K, used 29802K [0x00000000c4400000, 0x0000000100000000)
  region size 1024K, 2 young (2048K), 2 survivors (2048K)
 Metaspace       used 40312K, committed 40768K, reserved 1089536K
  class space    used 5347K, committed 5568K, reserved 1048576K
}
Event: 12.199 GC heap before
{Heap before GC invocations=14 (full 0):
 garbage-first heap   total 61440K, used 48234K [0x00000000c4400000, 0x0000000100000000)
  region size 1024K, 20 young (20480K), 2 survivors (2048K)
 Metaspace       used 47448K, committed 47936K, reserved 1097728K
  class space    used 6300K, committed 6528K, reserved 1048576K
}
Event: 12.203 GC heap after
{Heap after GC invocations=15 (full 0):
 garbage-first heap   total 61440K, used 31843K [0x00000000c4400000, 0x0000000100000000)
  region size 1024K, 3 young (3072K), 3 survivors (3072K)
 Metaspace       used 47448K, committed 47936K, reserved 1097728K
  class space    used 6300K, committed 6528K, reserved 1048576K
}
Event: 12.834 GC heap before
{Heap before GC invocations=16 (full 0):
 garbage-first heap   total 61440K, used 48227K [0x00000000c4400000, 0x0000000100000000)
  region size 1024K, 19 young (19456K), 3 survivors (3072K)
 Metaspace       used 51605K, committed 52096K, reserved 1097728K
  class space    used 6878K, committed 7104K, reserved 1048576K
}
Event: 12.838 GC heap after
{Heap after GC invocations=17 (full 0):
 garbage-first heap   total 61440K, used 32960K [0x00000000c4400000, 0x0000000100000000)
  region size 1024K, 2 young (2048K), 2 survivors (2048K)
 Metaspace       used 51605K, committed 52096K, reserved 1097728K
  class space    used 6878K, committed 7104K, reserved 1048576K
}
Event: 13.400 GC heap before
{Heap before GC invocations=17 (full 0):
 garbage-first heap   total 61440K, used 48320K [0x00000000c4400000, 0x0000000100000000)
  region size 1024K, 18 young (18432K), 2 survivors (2048K)
 Metaspace       used 55128K, committed 55616K, reserved 1097728K
  class space    used 7269K, committed 7488K, reserved 1048576K
}
Event: 13.405 GC heap after
{Heap after GC invocations=18 (full 0):
 garbage-first heap   total 61440K, used 33597K [0x00000000c4400000, 0x0000000100000000)
  region size 1024K, 2 young (2048K), 2 survivors (2048K)
 Metaspace       used 55128K, committed 55616K, reserved 1097728K
  class space    used 7269K, committed 7488K, reserved 1048576K
}
Event: 14.092 GC heap before
{Heap before GC invocations=19 (full 0):
 garbage-first heap   total 61440K, used 49981K [0x00000000c4400000, 0x0000000100000000)
  region size 1024K, 18 young (18432K), 2 survivors (2048K)
 Metaspace       used 59735K, committed 60224K, reserved 1105920K
  class space    used 8165K, committed 8384K, reserved 1048576K
}
Event: 14.097 GC heap after
{Heap after GC invocations=20 (full 0):
 garbage-first heap   total 73728K, used 34148K [0x00000000c4400000, 0x0000000100000000)
  region size 1024K, 2 young (2048K), 2 survivors (2048K)
 Metaspace       used 59735K, committed 60224K, reserved 1105920K
  class space    used 8165K, committed 8384K, reserved 1048576K
}
Event: 15.223 GC heap before
{Heap before GC invocations=20 (full 0):
 garbage-first heap   total 73728K, used 59748K [0x00000000c4400000, 0x0000000100000000)
  region size 1024K, 27 young (27648K), 2 survivors (2048K)
 Metaspace       used 64955K, committed 65472K, reserved 1105920K
  class space    used 8872K, committed 9088K, reserved 1048576K
}
Event: 15.229 GC heap after
{Heap after GC invocations=21 (full 0):
 garbage-first heap   total 73728K, used 35684K [0x00000000c4400000, 0x0000000100000000)
  region size 1024K, 3 young (3072K), 3 survivors (3072K)
 Metaspace       used 64955K, committed 65472K, reserved 1105920K
  class space    used 8872K, committed 9088K, reserved 1048576K
}

